info it worked if it ends with ok
verbose cli [ 'node', '/usr/local/bin/npm', 'install', 'jenkins' ]
info using npm@1.1.0-3
info using node@v0.6.9
verbose config file /Users/mzi/.npmrc
verbose config file /usr/local/etc/npmrc
verbose config file /usr/local/lib/node_modules/npm/npmrc
verbose caching /Users/mzi/Dropbox/proj/wanderer/package.json
verbose loadDefaults mmorpg@0.0.1
verbose caching /Users/mzi/Dropbox/proj/wanderer/node_modules/coffee-script/package.json
verbose loadDefaults coffee-script@1.1.3
verbose caching /Users/mzi/Dropbox/proj/wanderer/node_modules/mmorpg/package.json
verbose loadDefaults mmorpg@0.0.1
verbose caching /Users/mzi/Dropbox/proj/wanderer/node_modules/socket.io/package.json
verbose loadDefaults socket.io@0.8.7
verbose caching /Users/mzi/Dropbox/proj/wanderer/node_modules/sugar/package.json
verbose loadDefaults sugar@1.2.1
verbose caching /Users/mzi/Dropbox/proj/wanderer/node_modules/vows/package.json
verbose loadDefaults vows@0.6.1
verbose caching /Users/mzi/Dropbox/proj/wanderer/node_modules/zappa/package.json
verbose loadDefaults zappa@0.3.3
verbose caching /Users/mzi/Dropbox/proj/wanderer/node_modules/sinon/package.json
verbose loadDefaults sinon@1.3.1
verbose from cache /Users/mzi/Dropbox/proj/wanderer/package.json
verbose cache add [ 'jenkins', null ]
silly cache add: name, spec, args [ undefined, 'jenkins', [ 'jenkins', null ] ]
verbose parsed url { pathname: 'jenkins', path: 'jenkins', href: 'jenkins' }
verbose addNamed [ 'jenkins', '' ]
verbose addNamed [ null, '' ]
silly name, range, hasData [ 'jenkins', '', false ]
verbose raw, before any munging jenkins
verbose url resolving [ 'https://registry.npmjs.org/', './jenkins' ]
verbose url resolved https://registry.npmjs.org/jenkins
http GET https://registry.npmjs.org/jenkins
http 404 https://registry.npmjs.org/jenkins
silly get cb [ 404,
silly get cb   { server: 'CouchDB/1.1.0 (Erlang OTP/R14B04)',
silly get cb     date: 'Wed, 01 Feb 2012 16:22:18 GMT',
silly get cb     'content-type': 'application/json',
silly get cb     'content-length': '52',
silly get cb     'cache-control': 'must-revalidate' } ]
ERR! 404 'jenkins' is not in the npm registry.
ERR! 404 You should bug the author to publish it
ERR! 404 Note that you can also install from a
ERR! 404 tarball, folder, or http url, or git url.
ERR! 
ERR! System Darwin 11.2.0
ERR! command "node" "/usr/local/bin/npm" "install" "jenkins"
ERR! cwd /Users/mzi/Dropbox/proj/wanderer/server
ERR! node -v v0.6.9
ERR! npm -v 1.1.0-3
ERR! code E404
ERR! message 404 Not Found: jenkins
ERR! errno {}
verbose exit [ 1, true ]
